<?xml version="1.0" encoding="UTF-8"?>
<testsuite name="Cucumber" time="45.123" tests="1" skipped="0" failures="0" errors="0">
<testcase classname="Electronics feature implemented" name="To testing the electronics modules" time="44.758">
<system-out><![CDATA[
Given user click the electronics option.....................................passed
And user have click the cellphone...........................................passed
And click the smartphone option.............................................passed
And user have to click the add to cart button...............................passed
Then select  the shopping card button.......................................passed
And user  click the terms of shopping.......................................passed
And user click  checkout button.............................................passed
And user click  billing continue............................................passed
And user  click the shipping continue.......................................passed
Then user click the ground button...........................................passed
And user click the method continue..........................................passed
Then user have click  cash..................................................passed
And user have click  delivery continue......................................passed
Then user click the userfinal...............................................passed
]]></system-out>
</testcase>
</testsuite>
