<?xml version="1.0" encoding="UTF-8" standalone="no"?>
<testsuite failures="1" name="cucumber.runtime.formatter.JUnitFormatter" skipped="0" tests="1" time="1.334804">
    <testcase classname="To test login geeky mart functionality" name="user have to login geeky mart" time="1.334804">
        <failure message="java.lang.NoSuchMethodError: 'com.google.common.collect.ImmutableMap com.google.common.collect.ImmutableMap.of(java.lang.Object, java.lang.Object, java.lang.Object, java.lang.Object, java.lang.Object, java.lang.Object, java.lang.Object, java.lang.Object, java.lang.Object, java.lang.Object, java.lang.Object, java.lang.Object)'&#13;&#10;&#9;at org.openqa.selenium.chrome.AddHasCasting.getAdditionalCommands(AddHasCasting.java:38)&#13;&#10;&#9;at org.openqa.selenium.chrome.ChromeDriver$ChromeDriverCommandExecutor.getExtraCommands(ChromeDriver.java:98)&#13;&#10;&#9;at org.openqa.selenium.chrome.ChromeDriver$ChromeDriverCommandExecutor.&lt;init&gt;(ChromeDriver.java:93)&#13;&#10;&#9;at org.openqa.selenium.chrome.ChromeDriver.&lt;init&gt;(ChromeDriver.java:81)&#13;&#10;&#9;at org.openqa.selenium.chrome.ChromeDriver.&lt;init&gt;(ChromeDriver.java:49)&#13;&#10;&#9;at test.baseclass.BaseClass.lanchBrowser(BaseClass.java:24)&#13;&#10;&#9;at test.stepdefinition.StepDefinition.user_should_be_in_login_page(StepDefinition.java:19)&#13;&#10;&#9;at ✽.user should be in login page &quot;https://www.geekymart.com/index.php?route=account/login&quot;(file:/C:/Users/muges/eclipse-workspace/test/src/test/resources/featureFile/LoginGeekyMart.feature:7)&#13;&#10;"><![CDATA[Given user should be in login page "https://www.geekymart.com/index.php?route=account/login".failed
When user have to enter username "mugeshmugesh35@gmail.com".................skipped
And user have to enter password "Mugesh@143"................................skipped
Then user should be in home page "Logout"...................................skipped

StackTrace:
java.lang.NoSuchMethodError: 'com.google.common.collect.ImmutableMap com.google.common.collect.ImmutableMap.of(java.lang.Object, java.lang.Object, java.lang.Object, java.lang.Object, java.lang.Object, java.lang.Object, java.lang.Object, java.lang.Object, java.lang.Object, java.lang.Object, java.lang.Object, java.lang.Object)'
	at org.openqa.selenium.chrome.AddHasCasting.getAdditionalCommands(AddHasCasting.java:38)
	at org.openqa.selenium.chrome.ChromeDriver$ChromeDriverCommandExecutor.getExtraCommands(ChromeDriver.java:98)
	at org.openqa.selenium.chrome.ChromeDriver$ChromeDriverCommandExecutor.<init>(ChromeDriver.java:93)
	at org.openqa.selenium.chrome.ChromeDriver.<init>(ChromeDriver.java:81)
	at org.openqa.selenium.chrome.ChromeDriver.<init>(ChromeDriver.java:49)
	at test.baseclass.BaseClass.lanchBrowser(BaseClass.java:24)
	at test.stepdefinition.StepDefinition.user_should_be_in_login_page(StepDefinition.java:19)
	at ✽.user should be in login page "https://www.geekymart.com/index.php?route=account/login"(file:/C:/Users/muges/eclipse-workspace/test/src/test/resources/featureFile/LoginGeekyMart.feature:7)
]]></failure>
    </testcase>
</testsuite>
